** Flashing Edison Board Mo 1. Jun 19:09:08 CEST 2015 **
** Flashing Edison Board Mo 1. Jun 19:16:57 CEST 2015 **
Cannot open device 
dfu-util 0.5

(C) 2005-2008 by Weston Schmidt, Harald Welte and OpenMoko Inc.
(C) 2010-2011 Tormod Volden (DfuSe support)
This program is Free Software and has ABSOLUTELY NO WARRANTY

dfu-util does currently only support DFU version 1.0

Filter on vendor = 0x8087 product = 0x0a99
Opening DFU USB device... Cannot open device 
dfu-util 0.5

(C) 2005-2008 by Weston Schmidt, Harald Welte and OpenMoko Inc.
(C) 2010-2011 Tormod Volden (DfuSe support)
This program is Free Software and has ABSOLUTELY NO WARRANTY

dfu-util does currently only support DFU version 1.0

Filter on vendor = 0x8087 product = 0x0a99
Opening DFU USB device... Cannot open device 
dfu-util 0.5

(C) 2005-2008 by Weston Schmidt, Harald Welte and OpenMoko Inc.
(C) 2010-2011 Tormod Volden (DfuSe support)
This program is Free Software and has ABSOLUTELY NO WARRANTY

dfu-util does currently only support DFU version 1.0

Filter on vendor = 0x8087 product = 0x0a99
Opening DFU USB device... Cannot open device 
dfu-util 0.5

(C) 2005-2008 by Weston Schmidt, Harald Welte and OpenMoko Inc.
(C) 2010-2011 Tormod Volden (DfuSe support)
This program is Free Software and has ABSOLUTELY NO WARRANTY

dfu-util does currently only support DFU version 1.0

Filter on vendor = 0x8087 product = 0x0a99
Opening DFU USB device... Cannot open device 
dfu-util 0.5

(C) 2005-2008 by Weston Schmidt, Harald Welte and OpenMoko Inc.
(C) 2010-2011 Tormod Volden (DfuSe support)
This program is Free Software and has ABSOLUTELY NO WARRANTY

dfu-util does currently only support DFU version 1.0

Filter on vendor = 0x8087 product = 0x0a99
Opening DFU USB device... ** Flashing Edison Board Mo 1. Jun 19:30:54 CEST 2015 **
Cannot open device 
dfu-util 0.5

(C) 2005-2008 by Weston Schmidt, Harald Welte and OpenMoko Inc.
(C) 2010-2011 Tormod Volden (DfuSe support)
This program is Free Software and has ABSOLUTELY NO WARRANTY

dfu-util does currently only support DFU version 1.0

Filter on vendor = 0x8087 product = 0x0a99
Opening DFU USB device... Cannot open device 
dfu-util 0.5

(C) 2005-2008 by Weston Schmidt, Harald Welte and OpenMoko Inc.
(C) 2010-2011 Tormod Volden (DfuSe support)
This program is Free Software and has ABSOLUTELY NO WARRANTY

dfu-util does currently only support DFU version 1.0

Filter on vendor = 0x8087 product = 0x0a99
Opening DFU USB device... Cannot open device 
dfu-util 0.5

(C) 2005-2008 by Weston Schmidt, Harald Welte and OpenMoko Inc.
(C) 2010-2011 Tormod Volden (DfuSe support)
This program is Free Software and has ABSOLUTELY NO WARRANTY

dfu-util does currently only support DFU version 1.0

Filter on vendor = 0x8087 product = 0x0a99
Opening DFU USB device... Cannot open device 
dfu-util 0.5

(C) 2005-2008 by Weston Schmidt, Harald Welte and OpenMoko Inc.
(C) 2010-2011 Tormod Volden (DfuSe support)
This program is Free Software and has ABSOLUTELY NO WARRANTY

dfu-util does currently only support DFU version 1.0

Filter on vendor = 0x8087 product = 0x0a99
Opening DFU USB device... Cannot open device 
dfu-util 0.5

(C) 2005-2008 by Weston Schmidt, Harald Welte and OpenMoko Inc.
(C) 2010-2011 Tormod Volden (DfuSe support)
This program is Free Software and has ABSOLUTELY NO WARRANTY

dfu-util does currently only support DFU version 1.0

Filter on vendor = 0x8087 product = 0x0a99
Opening DFU USB device... ** Flashing Edison Board Mo 1. Jun 19:35:41 CEST 2015 **
** Flashing Edison Board Mo 1. Jun 20:07:57 CEST 2015 **
** Flashing Edison Board Mo 1. Jun 20:08:34 CEST 2015 **
** Flashing Edison Board Mo 1. Jun 20:09:05 CEST 2015 **
** Flashing Edison Board Mo 1. Jun 20:10:22 CEST 2015 **
** Flashing Edison Board Mo 1. Jun 20:10:39 CEST 2015 **
** Flashing Edison Board Mo 1. Jun 20:11:12 CEST 2015 **
** Flashing Edison Board Mo 1. Jun 20:54:15 CEST 2015 **
** Flashing Edison Board Mo 1. Jun 20:55:27 CEST 2015 **
** Flashing Edison Board Mo 1. Jun 20:57:55 CEST 2015 **
** Flashing Edison Board Mo 1. Jun 20:58:09 CEST 2015 **
** Flashing Edison Board Mo 1. Jun 20:59:17 CEST 2015 **
